{"C:\\Users\\bhcha\\CampusCart\\API\\firebaseMethods.js": {"path":"C:\\Users\\bhcha\\CampusCart\\API\\firebaseMethods.js","statementMap":{"0":{"start":{"line":5,"column":2},"end":{"line":26,"column":3}},"1":{"start":{"line":6,"column":4},"end":{"line":9,"column":7}},"2":{"start":{"line":7,"column":4},"end":{"line":7,"column":48}},"3":{"start":{"line":8,"column":4},"end":{"line":8,"column":30}},"4":{"start":{"line":10,"column":24},"end":{"line":10,"column":51}},"5":{"start":{"line":11,"column":15},"end":{"line":11,"column":35}},"6":{"start":{"line":12,"column":4},"end":{"line":22,"column":9}},"7":{"start":{"line":23,"column":4},"end":{"line":23,"column":30}},"8":{"start":{"line":25,"column":4},"end":{"line":25,"column":61}},"9":{"start":{"line":31,"column":2},"end":{"line":78,"column":1}},"10":{"start":{"line":32,"column":24},"end":{"line":32,"column":51}},"11":{"start":{"line":33,"column":21},"end":{"line":33,"column":64}},"12":{"start":{"line":34,"column":23},"end":{"line":34,"column":51}},"13":{"start":{"line":34,"column":67},"end":{"line":34,"column":81}},"14":{"start":{"line":35,"column":17},"end":{"line":46,"column":2}},"15":{"start":{"line":36,"column":16},"end":{"line":36,"column":36}},"16":{"start":{"line":37,"column":4},"end":{"line":39,"column":4}},"17":{"start":{"line":38,"column":6},"end":{"line":38,"column":28}},"18":{"start":{"line":40,"column":2},"end":{"line":42,"column":4}},"19":{"start":{"line":41,"column":4},"end":{"line":41,"column":52}},"20":{"start":{"line":43,"column":2},"end":{"line":43,"column":28}},"21":{"start":{"line":44,"column":2},"end":{"line":44,"column":31}},"22":{"start":{"line":45,"column":2},"end":{"line":45,"column":17}},"23":{"start":{"line":47,"column":14},"end":{"line":47,"column":54}},"24":{"start":{"line":48,"column":15},"end":{"line":48,"column":58}},"25":{"start":{"line":49,"column":2},"end":{"line":75,"column":2}},"26":{"start":{"line":51,"column":4},"end":{"line":51,"column":36}},"27":{"start":{"line":54,"column":4},"end":{"line":54,"column":20}},"28":{"start":{"line":57,"column":4},"end":{"line":74,"column":5}},"29":{"start":{"line":58,"column":22},"end":{"line":58,"column":68}},"30":{"start":{"line":59,"column":6},"end":{"line":73,"column":12}},"31":{"start":{"line":77,"column":1},"end":{"line":77,"column":17}},"32":{"start":{"line":83,"column":2},"end":{"line":93,"column":3}},"33":{"start":{"line":84,"column":4},"end":{"line":90,"column":6}},"34":{"start":{"line":85,"column":4},"end":{"line":89,"column":5}},"35":{"start":{"line":87,"column":6},"end":{"line":87,"column":32}},"36":{"start":{"line":88,"column":6},"end":{"line":88,"column":40}},"37":{"start":{"line":92,"column":4},"end":{"line":92,"column":58}},"38":{"start":{"line":97,"column":2},"end":{"line":101,"column":3}},"39":{"start":{"line":98,"column":4},"end":{"line":98,"column":36}},"40":{"start":{"line":100,"column":4},"end":{"line":100,"column":58}}},"fnMap":{"0":{"name":"registration","decl":{"start":{"line":4,"column":22},"end":{"line":4,"column":34}},"loc":{"start":{"line":4,"column":78},"end":{"line":27,"column":1}},"line":4},"1":{"name":"(anonymous_1)","decl":{"start":{"line":6,"column":79},"end":{"line":6,"column":80}},"loc":{"start":{"line":6,"column":97},"end":{"line":9,"column":5}},"line":6},"2":{"name":"post","decl":{"start":{"line":30,"column":22},"end":{"line":30,"column":26}},"loc":{"start":{"line":30,"column":92},"end":{"line":79,"column":1}},"line":30},"3":{"name":"(anonymous_3)","decl":{"start":{"line":35,"column":35},"end":{"line":35,"column":36}},"loc":{"start":{"line":35,"column":56},"end":{"line":46,"column":1}},"line":35},"4":{"name":"(anonymous_4)","decl":{"start":{"line":37,"column":17},"end":{"line":37,"column":18}},"loc":{"start":{"line":37,"column":28},"end":{"line":39,"column":3}},"line":37},"5":{"name":"(anonymous_5)","decl":{"start":{"line":40,"column":16},"end":{"line":40,"column":17}},"loc":{"start":{"line":40,"column":27},"end":{"line":42,"column":3}},"line":40},"6":{"name":"(anonymous_6)","decl":{"start":{"line":50,"column":2},"end":{"line":50,"column":3}},"loc":{"start":{"line":50,"column":16},"end":{"line":52,"column":3}},"line":50},"7":{"name":"(anonymous_7)","decl":{"start":{"line":53,"column":2},"end":{"line":53,"column":3}},"loc":{"start":{"line":53,"column":11},"end":{"line":55,"column":3}},"line":53},"8":{"name":"(anonymous_8)","decl":{"start":{"line":56,"column":2},"end":{"line":56,"column":3}},"loc":{"start":{"line":56,"column":8},"end":{"line":75,"column":1}},"line":56},"9":{"name":"(anonymous_9)","decl":{"start":{"line":57,"column":44},"end":{"line":57,"column":45}},"loc":{"start":{"line":57,"column":61},"end":{"line":74,"column":3}},"line":57},"10":{"name":"signIn","decl":{"start":{"line":82,"column":22},"end":{"line":82,"column":28}},"loc":{"start":{"line":82,"column":46},"end":{"line":94,"column":1}},"line":82},"11":{"name":"(anonymous_11)","decl":{"start":{"line":84,"column":76},"end":{"line":84,"column":77}},"loc":{"start":{"line":84,"column":88},"end":{"line":90,"column":5}},"line":84},"12":{"name":"loggingOut","decl":{"start":{"line":96,"column":22},"end":{"line":96,"column":32}},"loc":{"start":{"line":96,"column":35},"end":{"line":102,"column":1}},"line":96}},"branchMap":{"0":{"loc":{"start":{"line":85,"column":4},"end":{"line":89,"column":5}},"type":"if","locations":[{"start":{"line":85,"column":4},"end":{"line":89,"column":5}},{"start":{"line":86,"column":10},"end":{"line":89,"column":5}}],"line":85}},"s":{"0":0,"1":0,"2":0,"3":0,"4":0,"5":0,"6":0,"7":0,"8":0,"9":0,"10":0,"11":0,"12":0,"13":0,"14":0,"15":0,"16":0,"17":0,"18":0,"19":0,"20":0,"21":0,"22":0,"23":0,"24":0,"25":0,"26":0,"27":0,"28":0,"29":0,"30":0,"31":0,"32":0,"33":0,"34":0,"35":0,"36":0,"37":0,"38":0,"39":0,"40":0},"f":{"0":0,"1":0,"2":0,"3":0,"4":0,"5":0,"6":0,"7":0,"8":0,"9":0,"10":0,"11":0,"12":0},"b":{"0":[0,0]},"_coverageSchema":"1a1c01bbd47fc00a2c39e90264f33305004495a9","hash":"da87b782e9eb875518bb5f7613bd64fac11738ab"}
,"C:\\Users\\bhcha\\CampusCart\\screens\\FloatingLabelInput.js": {"path":"C:\\Users\\bhcha\\CampusCart\\screens\\FloatingLabelInput.js","statementMap":{"0":{"start":{"line":9,"column":12},"end":{"line":11,"column":5}},"1":{"start":{"line":14,"column":8},"end":{"line":16,"column":9}},"2":{"start":{"line":15,"column":12},"end":{"line":15,"column":47}},"3":{"start":{"line":20,"column":8},"end":{"line":22,"column":9}},"4":{"start":{"line":21,"column":12},"end":{"line":21,"column":47}},"5":{"start":{"line":25,"column":18},"end":{"line":25,"column":58}},"6":{"start":{"line":25,"column":24},"end":{"line":25,"column":58}},"7":{"start":{"line":26,"column":17},"end":{"line":26,"column":58}},"8":{"start":{"line":26,"column":23},"end":{"line":26,"column":58}},"9":{"start":{"line":29,"column":36},"end":{"line":29,"column":46}},"10":{"start":{"line":30,"column":30},"end":{"line":30,"column":40}},"11":{"start":{"line":31,"column":27},"end":{"line":37,"column":9}},"12":{"start":{"line":38,"column":8},"end":{"line":51,"column":10}}},"fnMap":{"0":{"name":"(anonymous_0)","decl":{"start":{"line":13,"column":4},"end":{"line":13,"column":5}},"loc":{"start":{"line":13,"column":24},"end":{"line":17,"column":5}},"line":13},"1":{"name":"(anonymous_1)","decl":{"start":{"line":19,"column":4},"end":{"line":19,"column":5}},"loc":{"start":{"line":19,"column":53},"end":{"line":23,"column":5}},"line":19},"2":{"name":"(anonymous_2)","decl":{"start":{"line":25,"column":18},"end":{"line":25,"column":19}},"loc":{"start":{"line":25,"column":24},"end":{"line":25,"column":58}},"line":25},"3":{"name":"(anonymous_3)","decl":{"start":{"line":26,"column":17},"end":{"line":26,"column":18}},"loc":{"start":{"line":26,"column":23},"end":{"line":26,"column":58}},"line":26},"4":{"name":"(anonymous_4)","decl":{"start":{"line":28,"column":4},"end":{"line":28,"column":5}},"loc":{"start":{"line":28,"column":13},"end":{"line":52,"column":5}},"line":28}},"branchMap":{"0":{"loc":{"start":{"line":14,"column":8},"end":{"line":16,"column":9}},"type":"if","locations":[{"start":{"line":14,"column":8},"end":{"line":16,"column":9}},{"start":{},"end":{}}],"line":14},"1":{"loc":{"start":{"line":20,"column":8},"end":{"line":22,"column":9}},"type":"if","locations":[{"start":{"line":20,"column":8},"end":{"line":22,"column":9}},{"start":{},"end":{}}],"line":20},"2":{"loc":{"start":{"line":20,"column":12},"end":{"line":20,"column":104}},"type":"binary-expr","locations":[{"start":{"line":20,"column":12},"end":{"line":20,"column":52}},{"start":{"line":20,"column":56},"end":{"line":20,"column":104}}],"line":20},"3":{"loc":{"start":{"line":34,"column":17},"end":{"line":34,"column":36}},"type":"cond-expr","locations":[{"start":{"line":34,"column":30},"end":{"line":34,"column":32}},{"start":{"line":34,"column":35},"end":{"line":34,"column":36}}],"line":34},"4":{"loc":{"start":{"line":35,"column":22},"end":{"line":35,"column":42}},"type":"cond-expr","locations":[{"start":{"line":35,"column":35},"end":{"line":35,"column":37}},{"start":{"line":35,"column":40},"end":{"line":35,"column":42}}],"line":35},"5":{"loc":{"start":{"line":36,"column":19},"end":{"line":36,"column":47}},"type":"cond-expr","locations":[{"start":{"line":36,"column":32},"end":{"line":36,"column":38}},{"start":{"line":36,"column":41},"end":{"line":36,"column":47}}],"line":36}},"s":{"0":2,"1":2,"2":0,"3":0,"4":0,"5":2,"6":0,"7":2,"8":0,"9":2,"10":2,"11":2,"12":2},"f":{"0":2,"1":0,"2":0,"3":0,"4":2},"b":{"0":[0,2],"1":[0,0],"2":[0,0],"3":[2,0],"4":[2,0],"5":[2,0]},"_coverageSchema":"1a1c01bbd47fc00a2c39e90264f33305004495a9","hash":"1b52585ae17e253cb12da721be80bc3635d6e1dd"}
,"C:\\Users\\bhcha\\CampusCart\\screens\\SignIn.js": {"path":"C:\\Users\\bhcha\\CampusCart\\screens\\SignIn.js","statementMap":{"0":{"start":{"line":6,"column":28},"end":{"line":6,"column":40}},"1":{"start":{"line":7,"column":34},"end":{"line":7,"column":46}},"2":{"start":{"line":9,"column":22},"end":{"line":21,"column":3}},"3":{"start":{"line":10,"column":4},"end":{"line":12,"column":5}},"4":{"start":{"line":11,"column":6},"end":{"line":11,"column":46}},"5":{"start":{"line":14,"column":4},"end":{"line":16,"column":5}},"6":{"start":{"line":15,"column":6},"end":{"line":15,"column":49}},"7":{"start":{"line":18,"column":4},"end":{"line":18,"column":28}},"8":{"start":{"line":19,"column":4},"end":{"line":19,"column":17}},"9":{"start":{"line":20,"column":4},"end":{"line":20,"column":20}},"10":{"start":{"line":23,"column":2},"end":{"line":49,"column":4}},"11":{"start":{"line":33,"column":33},"end":{"line":33,"column":48}},"12":{"start":{"line":40,"column":36},"end":{"line":40,"column":57}},"13":{"start":{"line":51,"column":15},"end":{"line":104,"column":2}}},"fnMap":{"0":{"name":"SignIn","decl":{"start":{"line":5,"column":24},"end":{"line":5,"column":30}},"loc":{"start":{"line":5,"column":47},"end":{"line":50,"column":1}},"line":5},"1":{"name":"(anonymous_1)","decl":{"start":{"line":9,"column":22},"end":{"line":9,"column":23}},"loc":{"start":{"line":9,"column":28},"end":{"line":21,"column":3}},"line":9},"2":{"name":"(anonymous_2)","decl":{"start":{"line":33,"column":22},"end":{"line":33,"column":23}},"loc":{"start":{"line":33,"column":33},"end":{"line":33,"column":48}},"line":33},"3":{"name":"(anonymous_3)","decl":{"start":{"line":40,"column":22},"end":{"line":40,"column":23}},"loc":{"start":{"line":40,"column":36},"end":{"line":40,"column":57}},"line":40}},"branchMap":{"0":{"loc":{"start":{"line":10,"column":4},"end":{"line":12,"column":5}},"type":"if","locations":[{"start":{"line":10,"column":4},"end":{"line":12,"column":5}},{"start":{},"end":{}}],"line":10},"1":{"loc":{"start":{"line":14,"column":4},"end":{"line":16,"column":5}},"type":"if","locations":[{"start":{"line":14,"column":4},"end":{"line":16,"column":5}},{"start":{},"end":{}}],"line":14}},"s":{"0":1,"1":1,"2":1,"3":0,"4":0,"5":0,"6":0,"7":0,"8":0,"9":0,"10":1,"11":0,"12":0,"13":1},"f":{"0":1,"1":0,"2":0,"3":0},"b":{"0":[0,0],"1":[0,0]},"_coverageSchema":"1a1c01bbd47fc00a2c39e90264f33305004495a9","hash":"160a4324c34964f92655873faf1da84e6dd7e3e8"}
,"C:\\Users\\bhcha\\CampusCart\\screens\\WelcomeScreen.js": {"path":"C:\\Users\\bhcha\\CampusCart\\screens\\WelcomeScreen.js","statementMap":{"0":{"start":{"line":5,"column":2},"end":{"line":23,"column":3}},"1":{"start":{"line":15,"column":62},"end":{"line":15,"column":92}},"2":{"start":{"line":18,"column":62},"end":{"line":18,"column":92}},"3":{"start":{"line":26,"column":15},"end":{"line":97,"column":2}}},"fnMap":{"0":{"name":"WelcomeScreen","decl":{"start":{"line":4,"column":24},"end":{"line":4,"column":37}},"loc":{"start":{"line":4,"column":53},"end":{"line":24,"column":1}},"line":4},"1":{"name":"(anonymous_1)","decl":{"start":{"line":15,"column":56},"end":{"line":15,"column":57}},"loc":{"start":{"line":15,"column":62},"end":{"line":15,"column":92}},"line":15},"2":{"name":"(anonymous_2)","decl":{"start":{"line":18,"column":56},"end":{"line":18,"column":57}},"loc":{"start":{"line":18,"column":62},"end":{"line":18,"column":92}},"line":18}},"branchMap":{},"s":{"0":1,"1":0,"2":0,"3":1},"f":{"0":1,"1":0,"2":0},"b":{},"_coverageSchema":"1a1c01bbd47fc00a2c39e90264f33305004495a9","hash":"1fde8a618d751c500a9e64e464334842c866b0c5"}
}
