TN:
SF:API\firebaseMethods.js
FN:4,registration
FN:6,(anonymous_1)
FN:30,post
FN:35,(anonymous_3)
FN:37,(anonymous_4)
FN:40,(anonymous_5)
FN:50,(anonymous_6)
FN:53,(anonymous_7)
FN:56,(anonymous_8)
FN:57,(anonymous_9)
FN:82,signIn
FN:84,(anonymous_11)
FN:96,loggingOut
FNF:13
FNH:0
FNDA:0,registration
FNDA:0,(anonymous_1)
FNDA:0,post
FNDA:0,(anonymous_3)
FNDA:0,(anonymous_4)
FNDA:0,(anonymous_5)
FNDA:0,(anonymous_6)
FNDA:0,(anonymous_7)
FNDA:0,(anonymous_8)
FNDA:0,(anonymous_9)
FNDA:0,signIn
FNDA:0,(anonymous_11)
FNDA:0,loggingOut
DA:5,0
DA:6,0
DA:7,0
DA:8,0
DA:10,0
DA:11,0
DA:12,0
DA:23,0
DA:25,0
DA:31,0
DA:32,0
DA:33,0
DA:34,0
DA:35,0
DA:36,0
DA:37,0
DA:38,0
DA:40,0
DA:41,0
DA:43,0
DA:44,0
DA:45,0
DA:47,0
DA:48,0
DA:49,0
DA:51,0
DA:54,0
DA:57,0
DA:58,0
DA:59,0
DA:77,0
DA:83,0
DA:84,0
DA:85,0
DA:87,0
DA:88,0
DA:92,0
DA:97,0
DA:98,0
DA:100,0
LF:40
LH:0
BRDA:85,0,0,0
BRDA:85,0,1,0
BRF:2
BRH:0
end_of_record
TN:
SF:screens\FloatingLabelInput.js
FN:13,(anonymous_0)
FN:19,(anonymous_1)
FN:25,(anonymous_2)
FN:26,(anonymous_3)
FN:28,(anonymous_4)
FNF:5
FNH:2
FNDA:2,(anonymous_0)
FNDA:0,(anonymous_1)
FNDA:0,(anonymous_2)
FNDA:0,(anonymous_3)
FNDA:2,(anonymous_4)
DA:9,2
DA:14,2
DA:15,0
DA:20,0
DA:21,0
DA:25,2
DA:26,2
DA:29,2
DA:30,2
DA:31,2
DA:38,2
LF:11
LH:8
BRDA:14,0,0,0
BRDA:14,0,1,2
BRDA:20,1,0,0
BRDA:20,1,1,0
BRDA:20,2,0,0
BRDA:20,2,1,0
BRDA:34,3,0,2
BRDA:34,3,1,0
BRDA:35,4,0,2
BRDA:35,4,1,0
BRDA:36,5,0,2
BRDA:36,5,1,0
BRF:12
BRH:4
end_of_record
TN:
SF:screens\SignIn.js
FN:5,SignIn
FN:9,(anonymous_1)
FN:33,(anonymous_2)
FN:40,(anonymous_3)
FNF:4
FNH:1
FNDA:1,SignIn
FNDA:0,(anonymous_1)
FNDA:0,(anonymous_2)
FNDA:0,(anonymous_3)
DA:6,1
DA:7,1
DA:9,1
DA:10,0
DA:11,0
DA:14,0
DA:15,0
DA:18,0
DA:19,0
DA:20,0
DA:23,1
DA:33,0
DA:40,0
DA:51,1
LF:14
LH:5
BRDA:10,0,0,0
BRDA:10,0,1,0
BRDA:14,1,0,0
BRDA:14,1,1,0
BRF:4
BRH:0
end_of_record
TN:
SF:screens\WelcomeScreen.js
FN:4,WelcomeScreen
FN:15,(anonymous_1)
FN:18,(anonymous_2)
FNF:3
FNH:1
FNDA:1,WelcomeScreen
FNDA:0,(anonymous_1)
FNDA:0,(anonymous_2)
DA:5,1
DA:15,0
DA:18,0
DA:26,1
LF:4
LH:2
BRF:0
BRH:0
end_of_record
